 Setting up           1  components

 Starting component           1
 Disc type selected is MTZ  index  5
 Mass of this component 1.0000
 Radial scale of this component   1.00
 Truncation radius 20.000 scales
 DF type selected is ZANG index  5
 DF constants   1.5000
 Truncation radius set to   20.00


 Mesh size   230   256
 Sectoral harmonics 0 -  2  will be used
  Spacing of grid rings is logarithmic
 Inner and outer edges of grid are at    0.00 and  275.0290 grid units
 Softening length is  4.000000 grid units
 Plummer softening rule used

 Reading model parameters in SETRUN

 No guard radii set
 Grid center fixed
 No external perturber
 No supplementary forces
 Disk bending analysis omitted
 Particle monitoring option omitted
 Disk z-profile option omitted
 No rings
 Center of mass at grid centre
 No initial net momentum
 Outer disc density tapered

 ptcls length needed   3600000
 Retarded velocity leap-frog scheme selected
 Zoning instructions:  beyond radius  step factor
                          30.000         2

 Second order interpolation selected
 Off-grid particles advanced without being accelerated
 Population  1 mass is 1.00 represented by   600000 particles
 Particle coordinates expected on file run 400.dfn
     2-fold symmetry imposed
 Length scale is 10.000 grid units
            Time step is  0.0200
 Analysis every  20 steps to save:
       density transform
       frequencies at radial spacing   0.050
       Logarithmic spiral analysis into   1 Fourier harmonics and  61 pitch angles
       global integrals
       angular momentum distribution
       Disc velocity field analysis into 137 radial and  12 azimuthal bins                with outer boundary at 27.40 scales
       halo density from every   150th particle
 Points for pictures every 300 steps
 SETRUN successfully completed

 Checking Green function file header


                   Setting up disc particles
 Reading distribution function header from unit          10
      200000  particles
          20  particles for each E & Lz
      Mass represented by particles =   11.330748
  Inner taper index is    4.00000000    
  Outer taper index is    6.00000000      centred on    15.000000000000000     
       3 Particles placed evenly on each ring
 Active mass fraction in cmp 1 is 11.330748
 Adding fraction 1.00 of masses from zone no 2 step      0
    600000 particles active at step      0
 Full grid force determination
 Checking Green function file header
 Green fn used from file
 Found forces and potentials at step      0
 Model at rest at coordinate origin
 Field determination method selected: p2d
 Setting up           1  components

 Starting component           1
 Disc type selected is MTZ  index  5
 Mass of this component 1.0000
 Radial scale of this component   1.00
 Truncation radius 20.000 scales
 DF type selected is ZANG index  5
 DF constants   1.5000
 Truncation radius set to   20.00


 Mesh size   230   256
 Sectoral harmonics 0 -  2  will be used
  Spacing of grid rings is logarithmic
 Inner and outer edges of grid are at    0.00 and  275.0290 grid units
 Softening length is  4.000000 grid units
 Plummer softening rule used

 Reading model parameters in SETRUN

 No guard radii set
 Grid center fixed
 No external perturber
 No supplementary forces
 Disk bending analysis omitted
 Particle monitoring option omitted
 Disk z-profile option omitted
 No rings
 Center of mass at grid centre
 No initial net momentum
 Outer disc density tapered

 ptcls length needed   3600000
 Retarded velocity leap-frog scheme selected
 Zoning instructions:  beyond radius  step factor
                          30.000         2

 Second order interpolation selected
 Off-grid particles advanced without being accelerated
 Population  1 mass is 1.00 represented by   600000 particles
 Particle coordinates expected on file run 400.dfn
     2-fold symmetry imposed
 Length scale is 10.000 grid units
            Time step is  0.0200
 Analysis every  20 steps to save:
       density transform
       frequencies at radial spacing   0.050
       Logarithmic spiral analysis into   1 Fourier harmonics and  61 pitch angles
       global integrals
       angular momentum distribution
       Disc velocity field analysis into 137 radial and  12 azimuthal bins                with outer boundary at 27.40 scales
       halo density from every   150th particle
 Points for pictures every 300 steps
 SETRUN successfully completed

 Checking Green function file header


                   Setting up disc particles
 Adding fraction 1.00 of masses from zone no 2 step      0
    600000 particles active at step      0
 Full grid force determination
 Checking Green function file header
 Green fn used from file
 Found forces at step      0
 Time-centering velocities
 Adding fraction 1.00 of masses from zone no 2 step      0
    600000 particles active at step      0
 Dumping    600000 particles in groups of  5000
 Field determination method selected: p2d
 Setting up           1  components

 Starting component           1
 Disc type selected is MTZ  index  5
 Mass of this component 1.0000
 Radial scale of this component   1.00
 Truncation radius 20.000 scales
 DF type selected is ZANG index  5
 DF constants   1.5000
 Truncation radius set to   20.00


 Mesh size   230   256
 Sectoral harmonics 0 -  2  will be used
  Spacing of grid rings is logarithmic
 Inner and outer edges of grid are at    0.00 and  275.0290 grid units
 Softening length is  4.000000 grid units
 Plummer softening rule used

 Reading model parameters in SETRUN

 No guard radii set
 Grid center fixed
 No external perturber
 No supplementary forces
 Disk bending analysis omitted
 Particle monitoring option omitted
 Disk z-profile option omitted
 No rings
 Center of mass at grid centre
 No initial net momentum
 Outer disc density tapered

 ptcls length needed   3600000
 Retarded velocity leap-frog scheme selected
 Zoning instructions:  beyond radius  step factor
                          30.000         2

 Second order interpolation selected
 Off-grid particles advanced without being accelerated
 Population  1 mass is 1.00 represented by   600000 particles
 Particle coordinates expected on file run 400.dfn
     2-fold symmetry imposed
 Length scale is 10.000 grid units
            Time step is  0.0200
 Analysis every  20 steps to save:
       density transform
       frequencies at radial spacing   0.050
       Logarithmic spiral analysis into   1 Fourier harmonics and  61 pitch angles
       global integrals
       angular momentum distribution
       Disc velocity field analysis into 137 radial and  12 azimuthal bins                with outer boundary at 27.40 scales
       halo density from every   150th particle
 Points for pictures every 300 steps
 SETRUN successfully completed

 Checking Green function file header


 Mesh size   230   256
 Sectoral harmonics 0 -  2  will be used
  Spacing of grid rings is logarithmic
 Inner and outer edges of grid are at    0.00 and  275.0290 grid units
 Softening length is  4.000000 grid units
 Plummer softening rule used
    600000 particles in  1 populations
Pop  1 has mass  1.00 and scale length  1.00 grid units
           Time unit     0.020
 Mass distribution is   2-fold symmetric
 Active sectoral harmonics are:
       2
 Checking Green function file header
 Green fn used from file
 starting step no            2
 starting step no            4
 starting step no            6
 starting step no            8
 starting step no           10
 starting step no           12
 starting step no           14
 starting step no           16
 starting step no           18
 starting step no           20
 starting step no           22
 starting step no           24
 starting step no           26
 starting step no           28
 starting step no           30
 starting step no           32
 starting step no           34
 starting step no           36
 starting step no           38
 starting step no           40
 starting step no           42
 starting step no           44
 starting step no           46
 starting step no           48
 starting step no           50
 starting step no           52
 starting step no           54
 starting step no           56
 starting step no           58
 starting step no           60
 starting step no           62
 starting step no           64
 starting step no           66
 starting step no           68
 starting step no           70
 starting step no           72
 starting step no           74
 starting step no           76
 starting step no           78
 starting step no           80
 starting step no           82
 starting step no           84
 starting step no           86
 starting step no           88
 starting step no           90
 starting step no           92
 starting step no           94
 starting step no           96
 starting step no           98
 starting step no          100
 starting step no          102
 starting step no          104
 starting step no          106
 starting step no          108
 starting step no          110
 starting step no          112
 starting step no          114
 starting step no          116
 starting step no          118
 starting step no          120
 starting step no          122
 starting step no          124
 starting step no          126
 starting step no          128
 starting step no          130
 starting step no          132
 starting step no          134
 starting step no          136
 starting step no          138
 starting step no          140
 starting step no          142
 starting step no          144
 starting step no          146
 starting step no          148
 starting step no          150
 starting step no          152
 starting step no          154
 starting step no          156
 starting step no          158
 starting step no          160
 starting step no          162
 starting step no          164
 starting step no          166
 starting step no          168
 starting step no          170
 starting step no          172
 starting step no          174
 starting step no          176
 starting step no          178
 starting step no          180
 starting step no          182
 starting step no          184
 starting step no          186
 starting step no          188
 starting step no          190
 starting step no          192
 starting step no          194
 starting step no          196
 starting step no          198
 starting step no          200
 starting step no          202
 starting step no          204
 starting step no          206
 starting step no          208
 starting step no          210
 starting step no          212
 starting step no          214
 starting step no          216
 starting step no          218
 starting step no          220
 starting step no          222
 starting step no          224
 starting step no          226
 starting step no          228
 starting step no          230
 starting step no          232
 starting step no          234
 starting step no          236
 starting step no          238
 starting step no          240
 starting step no          242
 starting step no          244
 starting step no          246
 starting step no          248
 starting step no          250
 starting step no          252
 starting step no          254
 starting step no          256
 starting step no          258
 starting step no          260
 starting step no          262
 starting step no          264
 starting step no          266
 starting step no          268
 starting step no          270
 starting step no          272
 starting step no          274
 starting step no          276
 starting step no          278
 starting step no          280
 starting step no          282
 starting step no          284
 starting step no          286
 starting step no          288
 starting step no          290
 starting step no          292
 starting step no          294
 starting step no          296
 starting step no          298
 starting step no          300
 starting step no          302
 starting step no          304
 starting step no          306
 starting step no          308
 starting step no          310
 starting step no          312
 starting step no          314
 starting step no          316
 starting step no          318
 starting step no          320
 starting step no          322
 starting step no          324
 starting step no          326
 starting step no          328
 starting step no          330
 starting step no          332
 starting step no          334
 starting step no          336
 starting step no          338
 starting step no          340
 starting step no          342
 starting step no          344
 starting step no          346
 starting step no          348
 starting step no          350
 starting step no          352
 starting step no          354
 starting step no          356
 starting step no          358
 starting step no          360
 starting step no          362
 starting step no          364
 starting step no          366
 starting step no          368
 starting step no          370
 starting step no          372
 starting step no          374
 starting step no          376
 starting step no          378
 starting step no          380
 starting step no          382
 starting step no          384
 starting step no          386
 starting step no          388
 starting step no          390
 starting step no          392
 starting step no          394
 starting step no          396
 starting step no          398
 starting step no          400
 starting step no          402
 starting step no          404
 starting step no          406
 starting step no          408
 starting step no          410
 starting step no          412
 starting step no          414
 starting step no          416
 starting step no          418
 starting step no          420
 starting step no          422
 starting step no          424
 starting step no          426
 starting step no          428
 starting step no          430
 starting step no          432
 starting step no          434
 starting step no          436
 starting step no          438
 starting step no          440
 starting step no          442
 starting step no          444
 starting step no          446
 starting step no          448
 starting step no          450
 starting step no          452
 starting step no          454
 starting step no          456
 starting step no          458
 starting step no          460
 starting step no          462
 starting step no          464
 starting step no          466
 starting step no          468
 starting step no          470
 starting step no          472
 starting step no          474
 starting step no          476
 starting step no          478
 starting step no          480
 starting step no          482
 starting step no          484
 starting step no          486
 starting step no          488
 starting step no          490
 starting step no          492
 starting step no          494
 starting step no          496
 starting step no          498
 starting step no          500
 Dumping    600000 particles in groups of  5000
 starting step no          502
 starting step no          504
 starting step no          506
 starting step no          508
 starting step no          510
 starting step no          512
 starting step no          514
 starting step no          516
 starting step no          518
 starting step no          520
 starting step no          522
 starting step no          524
 starting step no          526
 starting step no          528
 starting step no          530
 starting step no          532
 starting step no          534
 starting step no          536
 starting step no          538
 starting step no          540
 starting step no          542
 starting step no          544
 starting step no          546
 starting step no          548
 starting step no          550
 starting step no          552
 starting step no          554
 starting step no          556
 starting step no          558
 starting step no          560
 starting step no          562
 starting step no          564
 starting step no          566
 starting step no          568
 starting step no          570
 starting step no          572
 starting step no          574
 starting step no          576
 starting step no          578
 starting step no          580
 starting step no          582
 starting step no          584
 starting step no          586
 starting step no          588
 starting step no          590
 starting step no          592
 starting step no          594
 starting step no          596
 starting step no          598
 starting step no          600
 starting step no          602
 starting step no          604
 starting step no          606
 starting step no          608
 starting step no          610
 starting step no          612
 starting step no          614
 starting step no          616
 starting step no          618
 starting step no          620
 starting step no          622
 starting step no          624
 starting step no          626
 starting step no          628
 starting step no          630
 starting step no          632
 starting step no          634
 starting step no          636
 starting step no          638
 starting step no          640
 starting step no          642
 starting step no          644
 starting step no          646
 starting step no          648
 starting step no          650
 starting step no          652
 starting step no          654
 starting step no          656
 starting step no          658
 starting step no          660
 starting step no          662
 starting step no          664
 starting step no          666
 starting step no          668
 starting step no          670
 starting step no          672
 starting step no          674
 starting step no          676
 starting step no          678
 starting step no          680
 starting step no          682
 starting step no          684
 starting step no          686
 starting step no          688
 starting step no          690
 starting step no          692
 starting step no          694
 starting step no          696
 starting step no          698
 starting step no          700
 starting step no          702
 starting step no          704
 starting step no          706
 starting step no          708
 starting step no          710
 starting step no          712
 starting step no          714
 starting step no          716
 starting step no          718
 starting step no          720
 starting step no          722
 starting step no          724
 starting step no          726
 starting step no          728
 starting step no          730
 starting step no          732
 starting step no          734
 starting step no          736
 starting step no          738
 starting step no          740
 starting step no          742
 starting step no          744
 starting step no          746
 starting step no          748
 starting step no          750
 starting step no          752
 starting step no          754
 starting step no          756
 starting step no          758
 starting step no          760
 starting step no          762
 starting step no          764
 starting step no          766
 starting step no          768
 starting step no          770
 starting step no          772
 starting step no          774
 starting step no          776
 starting step no          778
 starting step no          780
 starting step no          782
 starting step no          784
 starting step no          786
 starting step no          788
 starting step no          790
 starting step no          792
 starting step no          794
 starting step no          796
 starting step no          798
 starting step no          800
 starting step no          802
 starting step no          804
 starting step no          806
 starting step no          808
 starting step no          810
 starting step no          812
 starting step no          814
 starting step no          816
 starting step no          818
 starting step no          820
 starting step no          822
 starting step no          824
 starting step no          826
 starting step no          828
 starting step no          830
 starting step no          832
 starting step no          834
 starting step no          836
 starting step no          838
 starting step no          840
 starting step no          842
 starting step no          844
 starting step no          846
 starting step no          848
 starting step no          850
 starting step no          852
 starting step no          854
 starting step no          856
 starting step no          858
 starting step no          860
 starting step no          862
 starting step no          864
 starting step no          866
 starting step no          868
 starting step no          870
 starting step no          872
 starting step no          874
 starting step no          876
 starting step no          878
 starting step no          880
 starting step no          882
 starting step no          884
 starting step no          886
 starting step no          888
 starting step no          890
 starting step no          892
 starting step no          894
 starting step no          896
 starting step no          898
 starting step no          900
 starting step no          902
 starting step no          904
 starting step no          906
 starting step no          908
 starting step no          910
 starting step no          912
 starting step no          914
 starting step no          916
 starting step no          918
 starting step no          920
 starting step no          922
 starting step no          924
 starting step no          926
 starting step no          928
 starting step no          930
 starting step no          932
 starting step no          934
 starting step no          936
 starting step no          938
 starting step no          940
 starting step no          942
 starting step no          944
 starting step no          946
 starting step no          948
 starting step no          950
 starting step no          952
 starting step no          954
 starting step no          956
 starting step no          958
 starting step no          960
 starting step no          962
 starting step no          964
 starting step no          966
 starting step no          968
 starting step no          970
 starting step no          972
 starting step no          974
 starting step no          976
 starting step no          978
 starting step no          980
 starting step no          982
 starting step no          984
 starting step no          986
 starting step no          988
 starting step no          990
 starting step no          992
 starting step no          994
 starting step no          996
 starting step no          998
 starting step no         1000
 Dumping    600000 particles in groups of  5000
 starting step no         1002
 starting step no         1004
 starting step no         1006
 starting step no         1008
 starting step no         1010
 starting step no         1012
 starting step no         1014
 starting step no         1016
 starting step no         1018
 starting step no         1020
 starting step no         1022
 starting step no         1024
 starting step no         1026
 starting step no         1028
 starting step no         1030
 starting step no         1032
 starting step no         1034
 starting step no         1036
 starting step no         1038
 starting step no         1040
 starting step no         1042
 starting step no         1044
 starting step no         1046
 starting step no         1048
 starting step no         1050
 starting step no         1052
 starting step no         1054
 starting step no         1056
 starting step no         1058
 starting step no         1060
 starting step no         1062
 starting step no         1064
 starting step no         1066
 starting step no         1068
 starting step no         1070
 starting step no         1072
 starting step no         1074
 starting step no         1076
 starting step no         1078
 starting step no         1080
 starting step no         1082
 starting step no         1084
 starting step no         1086
 starting step no         1088
 starting step no         1090
 starting step no         1092
 starting step no         1094
 starting step no         1096
 starting step no         1098
 starting step no         1100
 starting step no         1102
 starting step no         1104
 starting step no         1106
 starting step no         1108
 starting step no         1110
 starting step no         1112
 starting step no         1114
 starting step no         1116
 starting step no         1118
 starting step no         1120
 starting step no         1122
 starting step no         1124
 starting step no         1126
 starting step no         1128
 starting step no         1130
 starting step no         1132
 starting step no         1134
 starting step no         1136
 starting step no         1138
 starting step no         1140
 starting step no         1142
 starting step no         1144
 starting step no         1146
 starting step no         1148
 starting step no         1150
 starting step no         1152
 starting step no         1154
 starting step no         1156
 starting step no         1158
 starting step no         1160
 starting step no         1162
 starting step no         1164
 starting step no         1166
 starting step no         1168
 starting step no         1170
 starting step no         1172
 starting step no         1174
 starting step no         1176
 starting step no         1178
 starting step no         1180
 starting step no         1182
 starting step no         1184
 starting step no         1186
 starting step no         1188
 starting step no         1190
 starting step no         1192
 starting step no         1194
 starting step no         1196
 starting step no         1198
 starting step no         1200
 starting step no         1202
 starting step no         1204
 starting step no         1206
 starting step no         1208
 starting step no         1210
 starting step no         1212
 starting step no         1214
 starting step no         1216
 starting step no         1218
 starting step no         1220
 starting step no         1222
 starting step no         1224
 starting step no         1226
 starting step no         1228
 starting step no         1230
 starting step no         1232
 starting step no         1234
 starting step no         1236
 starting step no         1238
 starting step no         1240
 starting step no         1242
 starting step no         1244
 starting step no         1246
 starting step no         1248
 starting step no         1250
 starting step no         1252
 starting step no         1254
 starting step no         1256
 starting step no         1258
 starting step no         1260
 starting step no         1262
 starting step no         1264
 starting step no         1266
 starting step no         1268
 starting step no         1270
 starting step no         1272
 starting step no         1274
 starting step no         1276
 starting step no         1278
 starting step no         1280
 starting step no         1282
 starting step no         1284
 starting step no         1286
 starting step no         1288
 starting step no         1290
 starting step no         1292
 starting step no         1294
 starting step no         1296
 starting step no         1298
 starting step no         1300
 starting step no         1302
 starting step no         1304
 starting step no         1306
 starting step no         1308
 starting step no         1310
 starting step no         1312
 starting step no         1314
 starting step no         1316
 starting step no         1318
 starting step no         1320
 starting step no         1322
 starting step no         1324
 starting step no         1326
 starting step no         1328
 starting step no         1330
 starting step no         1332
 starting step no         1334
 starting step no         1336
 starting step no         1338
 starting step no         1340
 starting step no         1342
 starting step no         1344
 starting step no         1346
 starting step no         1348
 starting step no         1350
 starting step no         1352
 starting step no         1354
 starting step no         1356
 starting step no         1358
 starting step no         1360
 starting step no         1362
 starting step no         1364
 starting step no         1366
 starting step no         1368
 starting step no         1370
 starting step no         1372
 starting step no         1374
 starting step no         1376
 starting step no         1378
 starting step no         1380
 starting step no         1382
 starting step no         1384
 starting step no         1386
 starting step no         1388
 starting step no         1390
 starting step no         1392
 starting step no         1394
 starting step no         1396
 starting step no         1398
 starting step no         1400
 starting step no         1402
 starting step no         1404
 starting step no         1406
 starting step no         1408
 starting step no         1410
 starting step no         1412
 starting step no         1414
 starting step no         1416
 starting step no         1418
 starting step no         1420
 starting step no         1422
 starting step no         1424
 starting step no         1426
 starting step no         1428
 starting step no         1430
 starting step no         1432
 starting step no         1434
 starting step no         1436
 starting step no         1438
 starting step no         1440
 starting step no         1442
 starting step no         1444
 starting step no         1446
 starting step no         1448
 starting step no         1450
 starting step no         1452
 starting step no         1454
 starting step no         1456
 starting step no         1458
 starting step no         1460
 starting step no         1462
 starting step no         1464
 starting step no         1466
 starting step no         1468
 starting step no         1470
 starting step no         1472
 starting step no         1474
 starting step no         1476
 starting step no         1478
 starting step no         1480
 starting step no         1482
 starting step no         1484
 starting step no         1486
 starting step no         1488
 starting step no         1490
 starting step no         1492
 starting step no         1494
 starting step no         1496
 starting step no         1498
 starting step no         1500
 Dumping    600000 particles in groups of  5000
 starting step no         1502
 starting step no         1504
 starting step no         1506
 starting step no         1508
 starting step no         1510
 starting step no         1512
 starting step no         1514
 starting step no         1516
 starting step no         1518
 starting step no         1520
 starting step no         1522
 starting step no         1524
 starting step no         1526
 starting step no         1528
 starting step no         1530
 starting step no         1532
 starting step no         1534
 starting step no         1536
 starting step no         1538
 starting step no         1540
 starting step no         1542
 starting step no         1544
 starting step no         1546
 starting step no         1548
 starting step no         1550
 starting step no         1552
 starting step no         1554
 starting step no         1556
 starting step no         1558
 starting step no         1560
 starting step no         1562
 starting step no         1564
 starting step no         1566
 starting step no         1568
 starting step no         1570
 starting step no         1572
 starting step no         1574
 starting step no         1576
 starting step no         1578
 starting step no         1580
 starting step no         1582
 starting step no         1584
 starting step no         1586
 starting step no         1588
 starting step no         1590
 starting step no         1592
 starting step no         1594
 starting step no         1596
 starting step no         1598
 starting step no         1600
 starting step no         1602
 starting step no         1604
 starting step no         1606
 starting step no         1608
 starting step no         1610
 starting step no         1612
 starting step no         1614
 starting step no         1616
 starting step no         1618
 starting step no         1620
 starting step no         1622
 starting step no         1624
 starting step no         1626
 starting step no         1628
 starting step no         1630
 starting step no         1632
 starting step no         1634
 starting step no         1636
 starting step no         1638
 starting step no         1640
 starting step no         1642
 starting step no         1644
 starting step no         1646
 starting step no         1648
 starting step no         1650
 starting step no         1652
 starting step no         1654
 starting step no         1656
 starting step no         1658
 starting step no         1660
 starting step no         1662
 starting step no         1664
 starting step no         1666
 starting step no         1668
 starting step no         1670
 starting step no         1672
 starting step no         1674
 starting step no         1676
 starting step no         1678
 starting step no         1680
 starting step no         1682
 starting step no         1684
 starting step no         1686
 starting step no         1688
 starting step no         1690
 starting step no         1692
 starting step no         1694
 starting step no         1696
 starting step no         1698
 starting step no         1700
 starting step no         1702
 starting step no         1704
 starting step no         1706
 starting step no         1708
 starting step no         1710
 starting step no         1712
 starting step no         1714
 starting step no         1716
 starting step no         1718
 starting step no         1720
 starting step no         1722
 starting step no         1724
 starting step no         1726
 starting step no         1728
 starting step no         1730
 starting step no         1732
 starting step no         1734
 starting step no         1736
 starting step no         1738
 starting step no         1740
 starting step no         1742
 starting step no         1744
 starting step no         1746
 starting step no         1748
 starting step no         1750
 starting step no         1752
 starting step no         1754
 starting step no         1756
 starting step no         1758
 starting step no         1760
 starting step no         1762
 starting step no         1764
 starting step no         1766
 starting step no         1768
 starting step no         1770
 starting step no         1772
 starting step no         1774
 starting step no         1776
 starting step no         1778
 starting step no         1780
 starting step no         1782
 starting step no         1784
 starting step no         1786
 starting step no         1788
 starting step no         1790
 starting step no         1792
 starting step no         1794
 starting step no         1796
 starting step no         1798
 starting step no         1800
 starting step no         1802
 starting step no         1804
 starting step no         1806
 starting step no         1808
 starting step no         1810
 starting step no         1812
 starting step no         1814
 starting step no         1816
 starting step no         1818
 starting step no         1820
 starting step no         1822
 starting step no         1824
 starting step no         1826
 starting step no         1828
 starting step no         1830
 starting step no         1832
 starting step no         1834
 starting step no         1836
 starting step no         1838
 starting step no         1840
 starting step no         1842
 starting step no         1844
 starting step no         1846
 starting step no         1848
 starting step no         1850
 starting step no         1852
 starting step no         1854
 starting step no         1856
 starting step no         1858
 starting step no         1860
 starting step no         1862
 starting step no         1864
 starting step no         1866
 starting step no         1868
 starting step no         1870
 starting step no         1872
 starting step no         1874
 starting step no         1876
 starting step no         1878
 starting step no         1880
 starting step no         1882
 starting step no         1884
 starting step no         1886
 starting step no         1888
 starting step no         1890
 starting step no         1892
 starting step no         1894
 starting step no         1896
 starting step no         1898
 starting step no         1900
 starting step no         1902
 starting step no         1904
 starting step no         1906
 starting step no         1908
 starting step no         1910
 starting step no         1912
 starting step no         1914
 starting step no         1916
 starting step no         1918
 starting step no         1920
 starting step no         1922
 starting step no         1924
 starting step no         1926
 starting step no         1928
 starting step no         1930
 starting step no         1932
 starting step no         1934
 starting step no         1936
 starting step no         1938
 starting step no         1940
 starting step no         1942
 starting step no         1944
 starting step no         1946
 starting step no         1948
 starting step no         1950
 starting step no         1952
 starting step no         1954
 starting step no         1956
 starting step no         1958
 starting step no         1960
 starting step no         1962
 starting step no         1964
 starting step no         1966
 starting step no         1968
 starting step no         1970
 starting step no         1972
 starting step no         1974
 starting step no         1976
 starting step no         1978
 starting step no         1980
 starting step no         1982
 starting step no         1984
 starting step no         1986
 starting step no         1988
 starting step no         1990
 starting step no         1992
 starting step no         1994
 starting step no         1996
 starting step no         1998
 starting step no         2000
 Dumping    600000 particles in groups of  5000
 starting step no         2002
 starting step no         2004
 starting step no         2006
 starting step no         2008
 starting step no         2010
 starting step no         2012
 starting step no         2014
 starting step no         2016
 starting step no         2018
 starting step no         2020
 starting step no         2022
 starting step no         2024
 starting step no         2026
 starting step no         2028
 starting step no         2030
 starting step no         2032
 starting step no         2034
 starting step no         2036
 starting step no         2038
 starting step no         2040
 starting step no         2042
 starting step no         2044
 starting step no         2046
 starting step no         2048
 starting step no         2050
 starting step no         2052
 starting step no         2054
 starting step no         2056
 starting step no         2058
 starting step no         2060
 starting step no         2062
 starting step no         2064
 starting step no         2066
 starting step no         2068
 starting step no         2070
 starting step no         2072
 starting step no         2074
 starting step no         2076
 starting step no         2078
 starting step no         2080
 starting step no         2082
 starting step no         2084
 starting step no         2086
 starting step no         2088
 starting step no         2090
 starting step no         2092
 starting step no         2094
 starting step no         2096
 starting step no         2098
 starting step no         2100
 starting step no         2102
 starting step no         2104
 starting step no         2106
 starting step no         2108
 starting step no         2110
 starting step no         2112
 starting step no         2114
 starting step no         2116
 starting step no         2118
 starting step no         2120
 starting step no         2122
 starting step no         2124
 starting step no         2126
 starting step no         2128
 starting step no         2130
 starting step no         2132
 starting step no         2134
 starting step no         2136
 starting step no         2138
 starting step no         2140
 starting step no         2142
 starting step no         2144
 starting step no         2146
 starting step no         2148
 starting step no         2150
 starting step no         2152
 starting step no         2154
 starting step no         2156
 starting step no         2158
 starting step no         2160
 starting step no         2162
 starting step no         2164
 starting step no         2166
 starting step no         2168
 starting step no         2170
 starting step no         2172
 starting step no         2174
 starting step no         2176
 starting step no         2178
 starting step no         2180
 starting step no         2182
 starting step no         2184
 starting step no         2186
 starting step no         2188
 starting step no         2190
 starting step no         2192
 starting step no         2194
 starting step no         2196
 starting step no         2198
 starting step no         2200
 starting step no         2202
 starting step no         2204
 starting step no         2206
 starting step no         2208
 starting step no         2210
 starting step no         2212
 starting step no         2214
 starting step no         2216
 starting step no         2218
 starting step no         2220
 starting step no         2222
 starting step no         2224
 starting step no         2226
 starting step no         2228
 starting step no         2230
 starting step no         2232
 starting step no         2234
 starting step no         2236
 starting step no         2238
 starting step no         2240
 starting step no         2242
 starting step no         2244
 starting step no         2246
 starting step no         2248
 starting step no         2250
 starting step no         2252
 starting step no         2254
 starting step no         2256
 starting step no         2258
 starting step no         2260
 starting step no         2262
 starting step no         2264
 starting step no         2266
 starting step no         2268
 starting step no         2270
 starting step no         2272
 starting step no         2274
 starting step no         2276
 starting step no         2278
 starting step no         2280
 starting step no         2282
 starting step no         2284
 starting step no         2286
 starting step no         2288
 starting step no         2290
 starting step no         2292
 starting step no         2294
 starting step no         2296
 starting step no         2298
 starting step no         2300
 starting step no         2302
 starting step no         2304
 starting step no         2306
 starting step no         2308
 starting step no         2310
 starting step no         2312
 starting step no         2314
 starting step no         2316
 starting step no         2318
 starting step no         2320
 starting step no         2322
 starting step no         2324
 starting step no         2326
 starting step no         2328
 starting step no         2330
 starting step no         2332
 starting step no         2334
 starting step no         2336
 starting step no         2338
 starting step no         2340
 starting step no         2342
 starting step no         2344
 starting step no         2346
 starting step no         2348
 starting step no         2350
 starting step no         2352
 starting step no         2354
 starting step no         2356
 starting step no         2358
 starting step no         2360
 starting step no         2362
 starting step no         2364
 starting step no         2366
 starting step no         2368
 starting step no         2370
 starting step no         2372
 starting step no         2374
 starting step no         2376
 starting step no         2378
 starting step no         2380
 starting step no         2382
 starting step no         2384
 starting step no         2386
 starting step no         2388
 starting step no         2390
 starting step no         2392
 starting step no         2394
 starting step no         2396
 starting step no         2398
 starting step no         2400
 starting step no         2402
 starting step no         2404
 starting step no         2406
 starting step no         2408
 starting step no         2410
 starting step no         2412
 starting step no         2414
 starting step no         2416
 starting step no         2418
 starting step no         2420
 starting step no         2422
 starting step no         2424
 starting step no         2426
 starting step no         2428
 starting step no         2430
 starting step no         2432
 starting step no         2434
 starting step no         2436
 starting step no         2438
 starting step no         2440
 starting step no         2442
 starting step no         2444
 starting step no         2446
 starting step no         2448
 starting step no         2450
 starting step no         2452
 starting step no         2454
 starting step no         2456
 starting step no         2458
 starting step no         2460
 starting step no         2462
 starting step no         2464
 starting step no         2466
 starting step no         2468
 starting step no         2470
 starting step no         2472
 starting step no         2474
 starting step no         2476
 starting step no         2478
 starting step no         2480
 starting step no         2482
 starting step no         2484
 starting step no         2486
 starting step no         2488
 starting step no         2490
 starting step no         2492
 starting step no         2494
 starting step no         2496
 starting step no         2498
 starting step no         2500
 Dumping    600000 particles in groups of  5000
 starting step no         2502
 starting step no         2504
 starting step no         2506
 starting step no         2508
 starting step no         2510
 starting step no         2512
 starting step no         2514
 starting step no         2516
 starting step no         2518
 starting step no         2520
 starting step no         2522
 starting step no         2524
 starting step no         2526
 starting step no         2528
 starting step no         2530
 starting step no         2532
 starting step no         2534
 starting step no         2536
 starting step no         2538
 starting step no         2540
 starting step no         2542
 starting step no         2544
 starting step no         2546
 starting step no         2548
 starting step no         2550
 starting step no         2552
 starting step no         2554
 starting step no         2556
 starting step no         2558
 starting step no         2560
 starting step no         2562
 starting step no         2564
 starting step no         2566
 starting step no         2568
 starting step no         2570
 starting step no         2572
 starting step no         2574
 starting step no         2576
 starting step no         2578
 starting step no         2580
 starting step no         2582
 starting step no         2584
 starting step no         2586
 starting step no         2588
 starting step no         2590
 starting step no         2592
 starting step no         2594
 starting step no         2596
 starting step no         2598
 starting step no         2600
 starting step no         2602
 starting step no         2604
 starting step no         2606
 starting step no         2608
 starting step no         2610
 starting step no         2612
 starting step no         2614
 starting step no         2616
 starting step no         2618
 starting step no         2620
 starting step no         2622
 starting step no         2624
 starting step no         2626
 starting step no         2628
 starting step no         2630
 starting step no         2632
 starting step no         2634
 starting step no         2636
 starting step no         2638
 starting step no         2640
 starting step no         2642
 starting step no         2644
 starting step no         2646
 starting step no         2648
 starting step no         2650
 starting step no         2652
 starting step no         2654
 starting step no         2656
 starting step no         2658
 starting step no         2660
 starting step no         2662
 starting step no         2664
 starting step no         2666
 starting step no         2668
 starting step no         2670
 starting step no         2672
 starting step no         2674
 starting step no         2676
 starting step no         2678
 starting step no         2680
 starting step no         2682
 starting step no         2684
 starting step no         2686
 starting step no         2688
 starting step no         2690
 starting step no         2692
 starting step no         2694
 starting step no         2696
 starting step no         2698
 starting step no         2700
 starting step no         2702
 starting step no         2704
 starting step no         2706
 starting step no         2708
 starting step no         2710
 starting step no         2712
 starting step no         2714
 starting step no         2716
 starting step no         2718
 starting step no         2720
 starting step no         2722
 starting step no         2724
 starting step no         2726
 starting step no         2728
 starting step no         2730
 starting step no         2732
 starting step no         2734
 starting step no         2736
 starting step no         2738
 starting step no         2740
 starting step no         2742
 starting step no         2744
 starting step no         2746
 starting step no         2748
 starting step no         2750
 starting step no         2752
 starting step no         2754
 starting step no         2756
 starting step no         2758
 starting step no         2760
 starting step no         2762
 starting step no         2764
 starting step no         2766
 starting step no         2768
 starting step no         2770
 starting step no         2772
 starting step no         2774
 starting step no         2776
 starting step no         2778
 starting step no         2780
 starting step no         2782
 starting step no         2784
 starting step no         2786
 starting step no         2788
 starting step no         2790
 starting step no         2792
 starting step no         2794
 starting step no         2796
 starting step no         2798
 starting step no         2800
 starting step no         2802
 starting step no         2804
 starting step no         2806
 starting step no         2808
 starting step no         2810
 starting step no         2812
 starting step no         2814
 starting step no         2816
 starting step no         2818
 starting step no         2820
 starting step no         2822
 starting step no         2824
 starting step no         2826
 starting step no         2828
 starting step no         2830
 starting step no         2832
 starting step no         2834
 starting step no         2836
 starting step no         2838
 starting step no         2840
 starting step no         2842
 starting step no         2844
 starting step no         2846
 starting step no         2848
 starting step no         2850
 starting step no         2852
 starting step no         2854
 starting step no         2856
 starting step no         2858
 starting step no         2860
 starting step no         2862
 starting step no         2864
 starting step no         2866
 starting step no         2868
 starting step no         2870
 starting step no         2872
 starting step no         2874
 starting step no         2876
 starting step no         2878
 starting step no         2880
 starting step no         2882
 starting step no         2884
 starting step no         2886
 starting step no         2888
 starting step no         2890
 starting step no         2892
 starting step no         2894
 starting step no         2896
 starting step no         2898
 starting step no         2900
 starting step no         2902
 starting step no         2904
 starting step no         2906
 starting step no         2908
 starting step no         2910
 starting step no         2912
 starting step no         2914
 starting step no         2916
 starting step no         2918
 starting step no         2920
 starting step no         2922
 starting step no         2924
 starting step no         2926
 starting step no         2928
 starting step no         2930
 starting step no         2932
 starting step no         2934
 starting step no         2936
 starting step no         2938
 starting step no         2940
 starting step no         2942
 starting step no         2944
 starting step no         2946
 starting step no         2948
 starting step no         2950
 starting step no         2952
 starting step no         2954
 starting step no         2956
 starting step no         2958
 starting step no         2960
 starting step no         2962
 starting step no         2964
 starting step no         2966
 starting step no         2968
 starting step no         2970
 starting step no         2972
 starting step no         2974
 starting step no         2976
 starting step no         2978
 starting step no         2980
 starting step no         2982
 starting step no         2984
 starting step no         2986
 starting step no         2988
 starting step no         2990
 starting step no         2992
 starting step no         2994
 starting step no         2996
 starting step no         2998
 starting step no         3000
 Dumping    600000 particles in groups of  5000
 starting step no         3002
 starting step no         3004
 starting step no         3006
 starting step no         3008
 starting step no         3010
 starting step no         3012
 starting step no         3014
 starting step no         3016
 starting step no         3018
 starting step no         3020
 starting step no         3022
 starting step no         3024
 starting step no         3026
 starting step no         3028
 starting step no         3030
 starting step no         3032
 starting step no         3034
 starting step no         3036
 starting step no         3038
 starting step no         3040
 starting step no         3042
 starting step no         3044
 starting step no         3046
 starting step no         3048
 starting step no         3050
 starting step no         3052
 starting step no         3054
 starting step no         3056
 starting step no         3058
 starting step no         3060
 starting step no         3062
 starting step no         3064
 starting step no         3066
 starting step no         3068
 starting step no         3070
 starting step no         3072
 starting step no         3074
 starting step no         3076
 starting step no         3078
 starting step no         3080
 starting step no         3082
 starting step no         3084
 starting step no         3086
 starting step no         3088
 starting step no         3090
 starting step no         3092
 starting step no         3094
 starting step no         3096
 starting step no         3098
 starting step no         3100
 starting step no         3102
 starting step no         3104
 starting step no         3106
 starting step no         3108
 starting step no         3110
 starting step no         3112
 starting step no         3114
 starting step no         3116
 starting step no         3118
 starting step no         3120
 starting step no         3122
 starting step no         3124
 starting step no         3126
 starting step no         3128
 starting step no         3130
 starting step no         3132
 starting step no         3134
 starting step no         3136
 starting step no         3138
 starting step no         3140
 starting step no         3142
 starting step no         3144
 starting step no         3146
 starting step no         3148
 starting step no         3150
 starting step no         3152
 starting step no         3154
 starting step no         3156
 starting step no         3158
 starting step no         3160
 starting step no         3162
 starting step no         3164
 starting step no         3166
 starting step no         3168
 starting step no         3170
 starting step no         3172
 starting step no         3174
 starting step no         3176
 starting step no         3178
 starting step no         3180
 starting step no         3182
 starting step no         3184
 starting step no         3186
 starting step no         3188
 starting step no         3190
 starting step no         3192
 starting step no         3194
 starting step no         3196
 starting step no         3198
 starting step no         3200
 starting step no         3202
 starting step no         3204
 starting step no         3206
 starting step no         3208
 starting step no         3210
 starting step no         3212
 starting step no         3214
 starting step no         3216
 starting step no         3218
 starting step no         3220
 starting step no         3222
 starting step no         3224
 starting step no         3226
 starting step no         3228
 starting step no         3230
 starting step no         3232
 starting step no         3234
 starting step no         3236
 starting step no         3238
 starting step no         3240
 starting step no         3242
 starting step no         3244
 starting step no         3246
 starting step no         3248
 starting step no         3250
 starting step no         3252
 starting step no         3254
 starting step no         3256
 starting step no         3258
 starting step no         3260
 starting step no         3262
 starting step no         3264
 starting step no         3266
 starting step no         3268
 starting step no         3270
 starting step no         3272
 starting step no         3274
 starting step no         3276
 starting step no         3278
 starting step no         3280
 starting step no         3282
 starting step no         3284
 starting step no         3286
 starting step no         3288
 starting step no         3290
 starting step no         3292
 starting step no         3294
 starting step no         3296
 starting step no         3298
 starting step no         3300
 starting step no         3302
 starting step no         3304
 starting step no         3306
 starting step no         3308
 starting step no         3310
 starting step no         3312
 starting step no         3314
 starting step no         3316
 starting step no         3318
 starting step no         3320
 starting step no         3322
 starting step no         3324
 starting step no         3326
 starting step no         3328
 starting step no         3330
 starting step no         3332
 starting step no         3334
 starting step no         3336
 starting step no         3338
 starting step no         3340
 starting step no         3342
 starting step no         3344
 starting step no         3346
 starting step no         3348
 starting step no         3350
 starting step no         3352
 starting step no         3354
 starting step no         3356
 starting step no         3358
 starting step no         3360
 starting step no         3362
 starting step no         3364
 starting step no         3366
 starting step no         3368
 starting step no         3370
 starting step no         3372
 starting step no         3374
 starting step no         3376
 starting step no         3378
 starting step no         3380
 starting step no         3382
 starting step no         3384
 starting step no         3386
 starting step no         3388
 starting step no         3390
 starting step no         3392
 starting step no         3394
 starting step no         3396
 starting step no         3398
 starting step no         3400
 starting step no         3402
 starting step no         3404
 starting step no         3406
 starting step no         3408
 starting step no         3410
 starting step no         3412
 starting step no         3414
 starting step no         3416
 starting step no         3418
 starting step no         3420
 starting step no         3422
 starting step no         3424
 starting step no         3426
 starting step no         3428
 starting step no         3430
 starting step no         3432
 starting step no         3434
 starting step no         3436
 starting step no         3438
 starting step no         3440
 starting step no         3442
 starting step no         3444
 starting step no         3446
 starting step no         3448
 starting step no         3450
 starting step no         3452
 starting step no         3454
 starting step no         3456
 starting step no         3458
 starting step no         3460
 starting step no         3462
 starting step no         3464
 starting step no         3466
 starting step no         3468
 starting step no         3470
 starting step no         3472
 starting step no         3474
 starting step no         3476
 starting step no         3478
 starting step no         3480
 starting step no         3482
 starting step no         3484
 starting step no         3486
 starting step no         3488
 starting step no         3490
 starting step no         3492
 starting step no         3494
 starting step no         3496
 starting step no         3498
 starting step no         3500
 Dumping    600000 particles in groups of  5000
 starting step no         3502
 starting step no         3504
 starting step no         3506
 starting step no         3508
 starting step no         3510
 starting step no         3512
 starting step no         3514
 starting step no         3516
 starting step no         3518
 starting step no         3520
 starting step no         3522
 starting step no         3524
 starting step no         3526
 starting step no         3528
 starting step no         3530
 starting step no         3532
 starting step no         3534
 starting step no         3536
 starting step no         3538
 starting step no         3540
 starting step no         3542
 starting step no         3544
 starting step no         3546
 starting step no         3548
 starting step no         3550
 starting step no         3552
 starting step no         3554
 starting step no         3556
 starting step no         3558
 starting step no         3560
 starting step no         3562
 starting step no         3564
 starting step no         3566
 starting step no         3568
 starting step no         3570
 starting step no         3572
 starting step no         3574
 starting step no         3576
 starting step no         3578
 starting step no         3580
 starting step no         3582
 starting step no         3584
 starting step no         3586
 starting step no         3588
 starting step no         3590
 starting step no         3592
 starting step no         3594
 starting step no         3596
 starting step no         3598
 starting step no         3600
 starting step no         3602
 starting step no         3604
 starting step no         3606
 starting step no         3608
 starting step no         3610
 starting step no         3612
 starting step no         3614
 starting step no         3616
 starting step no         3618
 starting step no         3620
 starting step no         3622
 starting step no         3624
 starting step no         3626
 starting step no         3628
 starting step no         3630
 starting step no         3632
 starting step no         3634
 starting step no         3636
 starting step no         3638
 starting step no         3640
 starting step no         3642
 starting step no         3644
 starting step no         3646
 starting step no         3648
 starting step no         3650
 starting step no         3652
 starting step no         3654
 starting step no         3656
 starting step no         3658
 starting step no         3660
 starting step no         3662
 starting step no         3664
 starting step no         3666
 starting step no         3668
 starting step no         3670
 starting step no         3672
 starting step no         3674
 starting step no         3676
 starting step no         3678
 starting step no         3680
 starting step no         3682
 starting step no         3684
 starting step no         3686
 starting step no         3688
 starting step no         3690
 starting step no         3692
 starting step no         3694
 starting step no         3696
 starting step no         3698
 starting step no         3700
 starting step no         3702
 starting step no         3704
 starting step no         3706
 starting step no         3708
 starting step no         3710
 starting step no         3712
 starting step no         3714
 starting step no         3716
 starting step no         3718
 starting step no         3720
 starting step no         3722
 starting step no         3724
 starting step no         3726
 starting step no         3728
 starting step no         3730
 starting step no         3732
 starting step no         3734
 starting step no         3736
 starting step no         3738
 starting step no         3740
 starting step no         3742
 starting step no         3744
 starting step no         3746
 starting step no         3748
 starting step no         3750
 starting step no         3752
 starting step no         3754
 starting step no         3756
 starting step no         3758
 starting step no         3760
 starting step no         3762
 starting step no         3764
 starting step no         3766
 starting step no         3768
 starting step no         3770
 starting step no         3772
 starting step no         3774
 starting step no         3776
 starting step no         3778
 starting step no         3780
 starting step no         3782
 starting step no         3784
 starting step no         3786
 starting step no         3788
 starting step no         3790
 starting step no         3792
 starting step no         3794
 starting step no         3796
 starting step no         3798
 starting step no         3800
 starting step no         3802
 starting step no         3804
 starting step no         3806
 starting step no         3808
 starting step no         3810
 starting step no         3812
 starting step no         3814
 starting step no         3816
 starting step no         3818
 starting step no         3820
 starting step no         3822
 starting step no         3824
 starting step no         3826
 starting step no         3828
 starting step no         3830
 starting step no         3832
 starting step no         3834
 starting step no         3836
 starting step no         3838
 starting step no         3840
 starting step no         3842
 starting step no         3844
 starting step no         3846
 starting step no         3848
 starting step no         3850
 starting step no         3852
 starting step no         3854
 starting step no         3856
 starting step no         3858
 starting step no         3860
 starting step no         3862
 starting step no         3864
 starting step no         3866
 starting step no         3868
 starting step no         3870
 starting step no         3872
 starting step no         3874
 starting step no         3876
 starting step no         3878
 starting step no         3880
 starting step no         3882
 starting step no         3884
 starting step no         3886
 starting step no         3888
 starting step no         3890
 starting step no         3892
 starting step no         3894
 starting step no         3896
 starting step no         3898
 starting step no         3900
 starting step no         3902
 starting step no         3904
 starting step no         3906
 starting step no         3908
 starting step no         3910
 starting step no         3912
 starting step no         3914
 starting step no         3916
 starting step no         3918
 starting step no         3920
 starting step no         3922
 starting step no         3924
 starting step no         3926
 starting step no         3928
 starting step no         3930
 starting step no         3932
 starting step no         3934
 starting step no         3936
 starting step no         3938
 starting step no         3940
 starting step no         3942
 starting step no         3944
 starting step no         3946
 starting step no         3948
 starting step no         3950
 starting step no         3952
 starting step no         3954
 starting step no         3956
 starting step no         3958
 starting step no         3960
 starting step no         3962
 starting step no         3964
 starting step no         3966
 starting step no         3968
 starting step no         3970
 starting step no         3972
 starting step no         3974
 starting step no         3976
 starting step no         3978
 starting step no         3980
 starting step no         3982
 starting step no         3984
 starting step no         3986
 starting step no         3988
 starting step no         3990
 starting step no         3992
 starting step no         3994
 starting step no         3996
 starting step no         3998
 starting step no         4000
 Dumping    600000 particles in groups of  5000
